2015-09-11 22:53:38,683 [Worker-2] INFO  o.e.m.c.i.i.nexus.NexusIndexManager - Updating index for repository: central|http://repo1.maven.org/maven2
2015-09-11 23:06:01,290 [Worker-2] INFO  o.e.m.c.i.i.nexus.NexusIndexManager - Updating index for repository: central|http://repo1.maven.org/maven2
2015-09-11 23:06:26,227 [New I/O client worker #2-1] INFO  o.e.m.c.i.e.AbstractTransferListenerAdapter - Downloading http://repo1.maven.org/maven2/org/apache/maven/plugins/maven-remote-resources-plugin/1.1/maven-remote-resources-plugin-1.1.pom
2015-09-11 23:06:26,232 [New I/O client worker #2-1] INFO  o.e.m.c.i.e.AbstractTransferListenerAdapter - Downloaded http://repo1.maven.org/maven2/org/apache/maven/plugins/maven-remote-resources-plugin/1.1/maven-remote-resources-plugin-1.1.pom
2015-09-11 23:06:26,817 [New I/O client worker #3-1] INFO  o.e.m.c.i.e.AbstractTransferListenerAdapter - Downloading http://repo1.maven.org/maven2/org/apache/maven/plugins/maven-plugins/14/maven-plugins-14.pom
2015-09-11 23:06:26,819 [New I/O client worker #3-1] INFO  o.e.m.c.i.e.AbstractTransferListenerAdapter - Downloaded http://repo1.maven.org/maven2/org/apache/maven/plugins/maven-plugins/14/maven-plugins-14.pom
2015-09-11 23:06:27,428 [New I/O client worker #4-1] INFO  o.e.m.c.i.e.AbstractTransferListenerAdapter - Downloading http://repo1.maven.org/maven2/org/apache/maven/plugins/maven-remote-resources-plugin/1.1/maven-remote-resources-plugin-1.1.jar
2015-09-11 23:06:27,763 [New I/O client worker #4-1] INFO  o.e.m.c.i.e.AbstractTransferListenerAdapter - Downloaded http://repo1.maven.org/maven2/org/apache/maven/plugins/maven-remote-resources-plugin/1.1/maven-remote-resources-plugin-1.1.jar
2015-09-11 23:06:28,710 [New I/O client worker #5-1] INFO  o.e.m.c.i.e.AbstractTransferListenerAdapter - Downloading http://repo1.maven.org/maven2/org/apache/maven/plugins/maven-site-plugin/3.1/maven-site-plugin-3.1.pom
2015-09-11 23:06:28,874 [New I/O client worker #5-1] INFO  o.e.m.c.i.e.AbstractTransferListenerAdapter - Downloaded http://repo1.maven.org/maven2/org/apache/maven/plugins/maven-site-plugin/3.1/maven-site-plugin-3.1.pom
2015-09-11 23:06:29,623 [New I/O client worker #6-1] INFO  o.e.m.c.i.e.AbstractTransferListenerAdapter - Downloading http://repo1.maven.org/maven2/org/apache/maven/plugins/maven-site-plugin/3.1/maven-site-plugin-3.1.jar
2015-09-11 23:06:30,266 [New I/O client worker #6-1] INFO  o.e.m.c.i.e.AbstractTransferListenerAdapter - Downloaded http://repo1.maven.org/maven2/org/apache/maven/plugins/maven-site-plugin/3.1/maven-site-plugin-3.1.jar
2015-09-11 23:06:35,032 [New I/O client worker #7-1] INFO  o.e.m.c.i.e.AbstractTransferListenerAdapter - Downloading http://repo1.maven.org/maven2/com/thoughtworks/paranamer/paranamer-maven-plugin/2.3/paranamer-maven-plugin-2.3.pom
2015-09-11 23:06:35,035 [New I/O client worker #7-1] INFO  o.e.m.c.i.e.AbstractTransferListenerAdapter - Downloaded http://repo1.maven.org/maven2/com/thoughtworks/paranamer/paranamer-maven-plugin/2.3/paranamer-maven-plugin-2.3.pom
2015-09-11 23:06:36,148 [New I/O client worker #8-1] INFO  o.e.m.c.i.e.AbstractTransferListenerAdapter - Downloading http://repo1.maven.org/maven2/com/thoughtworks/paranamer/paranamer-maven-plugin/2.3/paranamer-maven-plugin-2.3.jar
2015-09-11 23:06:36,150 [New I/O client worker #8-1] INFO  o.e.m.c.i.e.AbstractTransferListenerAdapter - Downloaded http://repo1.maven.org/maven2/com/thoughtworks/paranamer/paranamer-maven-plugin/2.3/paranamer-maven-plugin-2.3.jar
2015-09-11 23:06:41,463 [ModalContext] WARN  o.e.m.i.discovery.MavenDiscovery - CatalogItem org.eclipse.m2e.discovery.lifecyclemapping.m2e-egit does not contain lifecycle mapping metadata
2015-09-11 23:06:41,472 [ModalContext] WARN  o.e.m.i.discovery.MavenDiscovery - CatalogItem org.eclipse.m2e.discovery.lifecyclemapping.m2e-cvs does not contain lifecycle mapping metadata
2015-09-11 23:06:41,474 [ModalContext] WARN  o.e.m.i.discovery.MavenDiscovery - CatalogItem org.eclipse.m2e.discovery.lifecyclemapping.m2e-subversive does not contain lifecycle mapping metadata
2015-09-11 23:06:41,480 [ModalContext] WARN  o.e.m.i.discovery.MavenDiscovery - CatalogItem org.eclipse.m2e.discovery.lifecyclemapping.m2e-subclipse does not contain lifecycle mapping metadata
2015-09-11 23:06:41,483 [ModalContext] WARN  o.e.m.i.discovery.MavenDiscovery - CatalogItem org.eclipse.m2e.discovery.maven-runtime-3.0.3 does not contain lifecycle mapping metadata
